<?xml version="1.0" encoding="UTF-8"?>
<!-- Generated by org.testng.reporters.JUnitReportReporter -->
<testsuite skipped="0" hostname="XIPL0606" name="com.Signup.POC.eVerifile.testSignUpAutomationTest" tests="7" failures="0" timestamp="10 Dec 2018 09:40:41 GMT" time="22.526" errors="0">
  <testcase name="testSignUpFirstPage" time="10.593" classname="com.Signup.POC.eVerifile.testSignUpAutomationTest"/>
  <testcase name="testSignUpSecondPage" time="0.355" classname="com.Signup.POC.eVerifile.testSignUpAutomationTest"/>
  <testcase name="testSignUpThirdPage" time="0.180" classname="com.Signup.POC.eVerifile.testSignUpAutomationTest"/>
  <testcase name="testSignUpFourthPage" time="1.617" classname="com.Signup.POC.eVerifile.testSignUpAutomationTest"/>
  <testcase name="testSignUpFifthPage" time="2.942" classname="com.Signup.POC.eVerifile.testSignUpAutomationTest"/>
  <testcase name="testSignUpSixthPage" time="2.752" classname="com.Signup.POC.eVerifile.testSignUpAutomationTest"/>
  <testcase name="testSignUpSeventhPage" time="4.087" classname="com.Signup.POC.eVerifile.testSignUpAutomationTest"/>
</testsuite> <!-- com.Signup.POC.eVerifile.testSignUpAutomationTest -->
